<?xml version="1.0" encoding="UTF-8"?>
<!-- Generated by org.testng.reporters.JUnitXMLReporter -->
<testsuite hostname="Shekhars-MacBook-Pro.local" ignored="0" name="Default test" tests="2" failures="0" timestamp="27 May 2017 03:59:02 GMT" time="74.334" errors="0">
  <testcase name="googleSerahcTest" time="51.595" classname="com.happiestmind.automation.suite.smoke.GoogleSearchTest"/>
  <testcase name="googleSerahcTest" time="21.156" classname="com.happiestmind.automation.suite.smoke.GoogleSearchTest"/>
</testsuite> <!-- Default test -->
