<?xml version="1.0" encoding="UTF-8"?>
<!-- Generated by org.testng.reporters.JUnitXMLReporter -->
<testsuite hostname="Shekhars-MacBook-Pro.local" ignored="0" name="Google Search Test1" tests="2" failures="1" timestamp="27 May 2017 05:51:18 GMT" time="15.353" errors="0">
  <testcase name="googleSerahcTest" time="6.796" classname="com.happiestmind.automation.suite.smoke.GoogleSearchTest"/>
  <testcase name="googleSerahcTest" time="6.642" classname="com.happiestmind.automation.suite.smoke.GoogleSearchTest">
    <failure type="java.lang.AssertionError" message="expected [not Google] but found [Google]">
      <![CDATA[java.lang.AssertionError: expected [not Google] but found [Google]
	at com.happiestmind.automation.util.MiscUtils.assertion(MiscUtils.java:181)
	at com.happiestmind.automation.suite.smoke.GoogleSearchTest.googleSerahcTest(GoogleSearchTest.java:79)
... Removed 31 stack frames]]>
    </failure>
  </testcase> <!-- googleSerahcTest -->
</testsuite> <!-- Google Search Test1 -->
